240	0.000000	0.000000
241	0.000000	0.000000
242	0.000000	0.000000
243	0.000000	0.000000
244	0.000000	0.000000
245	0.000000	0.000000
246	0.000000	0.000000
247	0.000000	0.000000
248	0.000000	0.000000
249	0.000033	0.000000
250	0.000078	0.000000
251	0.000077	0.000000
252	0.000096	0.000000
253	0.000111	0.000000
254	0.000110	0.000000
255	0.000109	0.000000
256	0.000125	0.000000
257	0.000146	0.000000
258	0.000150	0.000000
259	0.000219	0.000000
260	0.000226	0.000000
261	0.000320	0.000000
262	0.000352	0.000000
263	0.000524	0.000000
264	0.000559	0.000000
265	0.000746	0.000000
266	0.001010	0.000000
267	0.001255	0.000000
268	0.001751	0.000000
269	0.002117	0.000000
270	0.002842	0.000000
271	0.003679	0.000000
272	0.004780	0.000000
273	0.006326	0.000000
274	0.008624	0.000000
275	0.010817	0.000000
276	0.013831	0.000000
277	0.017345	0.000000
278	0.022354	0.000000
279	0.027901	0.000000
280	0.035118	0.000000
281	0.044023	0.000000
282	0.053320	0.000000
283	0.060878	0.000000
284	0.075434	0.000000
285	0.090327	0.000000
286	0.102402	0.000000
287	0.117685	0.000000
288	0.136307	0.000000
289	0.152276	0.000000
290	0.167307	0.000000
291	0.185720	0.000000
292	0.202603	0.000000
293	0.220022	0.000000
294	0.235086	0.000000
295	0.251909	0.000000
296	0.266790	0.000000
297	0.280763	0.000000
298	0.293769	0.000000
299	0.306368	0.000000
300	0.316457	0.000000
301	0.327678	0.000000
302	0.335807	0.000000
303	0.345439	0.000000
304	0.351544	0.000000
305	0.360068	0.000000
306	0.364716	0.000000
307	0.372054	0.000000
308	0.375887	0.000000
309	0.381347	0.000000
310	0.385519	0.000000
311	0.388725	0.000000
312	0.393278	0.000000
313	0.395378	0.000000
314	0.399218	0.000000
315	0.400885	0.000000
316	0.404128	0.000000
317	0.405317	0.000000
318	0.408356	0.000000
319	0.409616	0.000000
320	0.411003	0.000000
321	0.413560	0.000000
322	0.413108	0.000000
323	0.416022	0.000000
324	0.416523	0.000000
325	0.416989	0.000000
326	0.418906	0.000000
327	0.418962	0.000000
328	0.419402	0.000000
329	0.420956	0.000000
330	0.420955	0.000000
331	0.421158	0.165929
332	0.422277	0.331857
333	0.422226	0.497786
334	0.422611	0.663714
335	0.423283	0.829643
336	0.423359	0.995571
337	0.423215	1.161500
338	0.423693	1.327429
339	0.423789	1.493357
340	0.423597	1.659286
341	0.423821	1.825214
342	0.423871	1.991143
343	0.423710	2.157071
344	0.423491	2.323000
345	0.423428	2.488929
346	0.423343	2.654857
347	0.423123	2.820786
348	0.422935	2.986714
349	0.422712	3.152643
350	0.422403	3.318571
351	0.422115	2.482596
352	0.421869	4.571845
353	0.421535	4.104631
354	0.421185	7.848069
355	0.420825	4.628971
356	0.420379	4.494881
357	0.419929	2.829329
358	0.419483	3.062045
359	0.419016	2.295888
360	0.418540	1.995660
361	0.418069	4.086109
362	0.417573	3.992001
363	0.417020	4.653123
364	0.416451	4.501251
365	0.415880	4.011783
366	0.415310	3.167381
367	0.414724	3.097706
368	0.414085	2.673112
369	0.413431	3.174347
370	0.412828	3.165767
371	0.412164	3.157262
372	0.411490	4.264164
373	0.410824	5.112640
374	0.410099	4.822768
375	0.409358	3.691475
376	0.408611	3.702437
377	0.407884	4.210849
378	0.407139	3.623516
379	0.406379	4.195301
380	0.405625	4.343682
381	0.404876	3.824983
382	0.404118	4.181386
383	0.403299	4.296762
384	0.402488	3.920579
385	0.401678	2.907030
386	0.400862	3.304060
387	0.400034	2.302465
388	0.399170	2.945796
389	0.398301	3.773725
390	0.397426	3.822525
391	0.396560	3.714213
392	0.395686	6.952912
393	0.394812	16.501285
394	0.393943	5.406895
395	0.393057	3.614799
396	0.392185	3.022790
397	0.391269	3.190575
398	0.390338	3.210629
399	0.389421	3.633626
400	0.388496	4.292746
401	0.387580	4.433683
402	0.386670	4.217174
403	0.385749	5.404522
404	0.384784	6.439009
405	0.383822	5.193069
406	0.382878	5.380008
407	0.381959	4.974416
408	0.381024	5.302978
409	0.380038	3.764055
410	0.379042	4.095655
411	0.378105	4.063301
412	0.377152	3.868125
413	0.376185	3.862746
414	0.375217	4.128356
415	0.374235	4.904601
416	0.373258	5.393096
417	0.372273	5.676491
418	0.371289	4.888125
419	0.370313	4.441990
420	0.369335	4.431423
421	0.368331	3.958899
422	0.367327	3.370885
423	0.366359	3.857090
424	0.365377	4.389579
425	0.364398	4.379256
426	0.363402	4.863361
427	0.362400	4.469864
428	0.361383	4.348572
429	0.360376	4.338463
430	0.359379	4.622959
431	0.358401	4.935224
432	0.357431	4.923816
433	0.356405	4.467692
434	0.355398	6.253868
435	0.354395	8.401848
436	0.353408	6.164966
437	0.352423	4.460411
438	0.351420	4.739127
439	0.350411	5.501621
440	0.349408	6.321419
441	0.348438	6.184529
442	0.347456	5.435986
443	0.346443	5.401690
444	0.345434	5.389483
445	0.344429	5.234318
446	0.343454	5.041150
447	0.342460	4.847982
448	0.341446	4.886258
449	0.340483	5.146900
450	0.339507	5.388692
451	0.338527	5.592212
452	0.337519	5.795732
453	0.336526	5.869406
454	0.335567	5.856515
455	0.334595	5.843648
456	0.333608	5.830813
457	0.332624	5.817979
458	0.331626	5.805283
459	0.330648	5.792649
460	0.329675	5.780015
461	0.328678	5.767573
462	0.327723	5.755138
463	0.326748	5.742703
464	0.325778	5.730268
465	0.324844	5.717954
466	0.323898	5.705724
467	0.322915	5.693493
468	0.321952	5.681263
469	0.321001	5.403475
470	0.320034	5.180787
471	0.319086	5.857683
472	0.318135	5.858589
473	0.317193	5.155914
474	0.316233	5.707398
475	0.315290	6.463046
476	0.314360	6.360718
477	0.313407	5.835806
478	0.312441	5.728210
479	0.311501	6.054967
480	0.310566	6.093183
481	0.309616	6.080482
482	0.308704	6.742589
483	0.307773	7.666608
484	0.306872	6.312541
485	0.305949	5.482159
486	0.305041	5.470875
487	0.304122	5.738435
488	0.303205	7.054984
489	0.302302	6.857978
490	0.301393	5.519167
491	0.300474	5.599654
492	0.299579	5.786970
493	0.298672	6.014985
494	0.297765	6.396102
495	0.296866	6.777219
496	0.295964	6.734677
497	0.295063	6.233171
498	0.294178	5.731665
499	0.293284	5.425709
500	0.292385	5.901952
501	0.291496	6.363592
502	0.290598	6.109688
503	0.289723	5.855784
504	0.288843	5.962874
505	0.287969	6.143904
506	0.287121	6.353697
507	0.286260	6.813725
508	0.285397	6.418208
509	0.284552	6.022692
510	0.283722	5.768005
511	0.282866	5.875450
512	0.282014	5.982894
513	0.281156	6.090339
514	0.280322	6.197784
515	0.279487	6.411704
516	0.278650	6.634882
517	0.277806	6.959705
518	0.276962	7.322122
519	0.276134	7.684540
520	0.275307	7.201737
521	0.274484	6.718934
522	0.273648	6.774088
523	0.272825	6.947330
524	0.272002	7.062033
525	0.271166	6.584845
526	0.270335	6.107657
527	0.269531	6.221870
528	0.268724	6.394573
529	0.267910	6.616825
530	0.267101	7.105975
531	0.266296	8.011470
532	0.265499	7.996452
533	0.264705	7.818036
534	0.263930	7.349137
535	0.263146	6.957769
536	0.262375	6.944940
537	0.261599	6.932111
538	0.260825	6.919283
539	0.260054	6.906454
540	0.259290	6.893625
541	0.258503	6.880796
542	0.257723	6.867967
543	0.256961	6.855138
544	0.256208	9.061666
545	0.255439	10.067347
546	0.254684	9.510355
547	0.253942	8.648789
548	0.253201	8.041667
549	0.252452	7.748890
550	0.251697	7.734872
551	0.250934	7.720854
552	0.250166	7.706835
553	0.249406	8.160664
554	0.248650	11.070688
555	0.247895	27.524458
556	0.247142	54.254469
557	0.246388	78.034164
558	0.245637	63.235936
559	0.244891	30.009578
560	0.244135	10.257801
561	0.243374	9.152393
562	0.242577	8.454122
563	0.241853	8.295546
564	0.241059	8.136970
565	0.240338	8.032208
566	0.239523	8.232396
567	0.238339	8.432584
568	0.235536	8.632772
569	0.233933	8.832961
570	0.234798	8.728219
571	0.234394	8.542421
572	0.232941	8.388658
573	0.232796	8.736783
574	0.231739	9.084909
575	0.231414	9.433035
576	0.231129	9.693597
577	0.230612	9.676874
578	0.230622	9.660151
579	0.230161	9.643429
580	0.229511	9.425360
581	0.228990	9.198901
582	0.228261	9.028715
583	0.227406	8.874401
584	0.226650	8.720087
585	0.225953	10.295146
586	0.224732	13.599579
587	0.222165	23.329765
588	0.216439	30.466847
589	0.212979	34.801111
590	0.213903	18.762237
591	0.214413	14.603154
592	0.214113	12.806695
593	0.215913	12.319518
594	0.211198	12.025237
595	0.213087	11.730955
596	0.214234	11.386462
597	0.213460	11.007076
598	0.214243	10.627690
599	0.214391	10.248304
600	0.215053	9.868917
601	0.215181	9.635011
602	0.215092	9.472760
603	0.214746	9.310508
604	0.214267	9.148256
605	0.213763	8.986005
606	0.213180	8.823753
607	0.212599	8.760591
608	0.211999	8.746235
609	0.211409	8.731878
610	0.210821	8.717522
611	0.210231	8.703166
612	0.209649	9.490996
613	0.209055	10.532148
614	0.208470	11.573301
615	0.207890	11.726227
616	0.207315	10.916909
617	0.206729	10.107591
618	0.206151	9.547260
619	0.205583	9.923592
620	0.205015	10.299924
621	0.204442	10.676257
622	0.203869	11.703048
623	0.203299	12.778799
624	0.202732	13.572865
625	0.202161	13.240191
626	0.201001	12.907517
627	0.197354	19.115094
628	0.194986	42.434265
629	0.196078	63.191053
630	0.197017	55.498796
631	0.196475	33.651030
632	0.196105	13.827024
633	0.196596	12.722224
634	0.196067	14.748870
635	0.195658	23.588394
636	0.195278	26.645664
637	0.194810	20.605400
638	0.194533	11.441461
639	0.194072	8.803210
640	0.193608	8.308868
641	0.193100	8.295917
642	0.192469	8.282966
643	0.191639	8.446102
644	0.190734	10.194023
645	0.189103	11.825115
646	0.186100	12.295655
647	0.183433	11.023643
648	0.182449	11.216516
649	0.184318	11.951194
650	0.186104	11.861590
651	0.183378	11.097572
652	0.183912	10.960127
653	0.184273	11.936590
654	0.183179	12.303838
655	0.182019	12.434169
656	0.182169	12.564500
657	0.182307	11.809317
658	0.182513	11.054134
659	0.182835	10.298951
660	0.182606	9.543767
661	0.182767	8.788584
662	0.182412	8.390897
663	0.181908	8.297742
664	0.181446	8.204587
665	0.181134	8.111433
666	0.180683	8.018278
667	0.180316	7.925123
668	0.179908	7.831969
669	0.179458	7.738814
670	0.178997	7.645659
671	0.178540	7.552505
672	0.178074	7.517629
673	0.177607	7.506557
674	0.177142	7.495485
675	0.176678	7.484413
676	0.176205	7.473341
677	0.175746	7.462269
678	0.175281	7.451197
679	0.174765	7.440125
680	0.174191	9.546166
681	0.173604	13.606467
682	0.173070	16.782198
683	0.172560	18.272436
684	0.171915	15.737880
685	0.171518	16.897759
686	0.166172	16.484671
687	0.145376	14.619616
688	0.155971	12.754562
689	0.153493	13.091386
690	0.157553	14.300061
691	0.160740	15.452318
692	0.160644	15.530381
693	0.157235	15.608444
694	0.156242	15.686507
695	0.157007	14.858790
696	0.160403	13.790297
697	0.162795	12.933065
698	0.159581	12.216674
699	0.155795	11.500282
700	0.155350	10.672632
701	0.154907	9.619093
702	0.154466	8.769375
703	0.154027	9.171693
704	0.153590	9.574012
705	0.153154	9.693024
706	0.152721	9.404351
707	0.152289	9.115677
708	0.151859	8.827004
709	0.151431	8.538330
710	0.151005	8.249657
711	0.150580	8.507835
712	0.150158	8.788798
713	0.149737	9.069762
714	0.149318	9.273997
715	0.148900	9.006906
716	0.148485	8.739814
717	0.148071	8.472723
718	0.147658	8.205631
719	0.147248	8.135483
720	0.146839	8.124162
721	0.146432	12.617004
722	0.146027	20.239857
723	0.145623	34.409048
724	0.145221	32.679025
725	0.144821	27.005292
726	0.144422	29.460851
727	0.144025	33.762868
728	0.143630	29.570411
729	0.143236	24.096156
730	0.142844	26.717459
731	0.142453	29.495012
732	0.142064	31.494844
733	0.141677	30.567710
734	0.141291	28.790833
735	0.140907	26.439715
736	0.140524	24.630267
737	0.140143	21.499344
738	0.139764	18.532361
739	0.139386	19.709819
740	0.139009	17.070455
741	0.138634	13.803646
742	0.138261	14.086505
743	0.137889	13.987159
744	0.137519	13.976283
745	0.137150	17.548433
746	0.136782	20.565079
747	0.136416	20.936352
748	0.136052	17.181525
749	0.135689	13.891954
750	0.135327	17.014000
751	0.134967	23.097939
752	0.134608	23.574401
753	0.134251	18.281812
754	0.133895	15.935021
755	0.133541	19.464391
756	0.133188	21.583815
757	0.132836	20.930029
758	0.132486	18.762224
759	0.132137	13.516255
760	0.131789	12.254731
761	0.131443	13.524486
762	0.131098	12.852129
763	0.130755	11.163776
764	0.130413	12.421398
765	0.130072	12.913050
766	0.129733	12.100481
767	0.129395	12.040754
768	0.129058	15.190510
769	0.128723	24.548500
770	0.128388	44.970298
771	0.128056	44.204104
772	0.127724	36.477653
773	0.127394	34.280233
774	0.127065	49.867269
775	0.126737	60.035650
776	0.126411	63.387217
777	0.126086	63.305253
778	0.125762	46.399344
779	0.125439	38.820206
780	0.125118	38.022622
781	0.124797	38.809800
782	0.124478	34.433800
783	0.124161	42.366365
784	0.123844	54.668750
785	0.123529	61.552590
786	0.123215	54.634003
787	0.122902	44.025287
788	0.122590	38.041961
789	0.122279	44.563459
790	0.121970	60.642174
791	0.121662	61.990271
792	0.121355	42.433428
793	0.121049	29.641867
794	0.120744	35.854151
795	0.120441	43.293691
796	0.120138	46.474785
797	0.119837	48.775897
798	0.119537	47.380478
799	0.119238	43.666088
800	0.118940	36.224900
801	0.118643	37.648133
802	0.118347	33.126169
803	0.118053	25.319342
804	0.117759	23.316471
805	0.117467	23.496731
806	0.117176	19.279956
807	0.116885	14.576432
808	0.116596	15.762407
809	0.116308	16.568634
810	0.116021	15.177331
811	0.115735	11.582058
812	0.115450	12.044536
813	0.115167	12.143152
814	0.114884	11.291833
815	0.114602	10.440514
816	0.114321	11.044973
817	0.114042	12.580174
818	0.113763	14.115376
819	0.113485	13.390067
820	0.113209	12.356507
821	0.112933	11.322947
822	0.112658	10.464022
823	0.112385	12.341055
824	0.112112	14.218088
825	0.111841	24.730232
826	0.111570	52.049729
827	0.111300	77.074851
828	0.111032	79.395278
829	0.110764	66.579241
830	0.110497	39.664397
831	0.110231	34.400922
832	0.109967	62.851433
833	0.109703	100.929863
834	0.109440	96.728888
835	0.109178	55.654881
836	0.108917	38.323676
837	0.108657	52.249661
838	0.108397	63.214031
839	0.108139	74.174013
840	0.107882	66.364915
841	0.107626	80.560918
842	0.107370	79.189757
843	0.107115	77.357922
844	0.106862	67.099437
845	0.106609	66.758007
846	0.106357	43.143839
847	0.106106	29.557326
848	0.105856	36.467747
849	0.105607	39.384406
850	0.105358	28.591880
851	0.105111	16.524306
852	0.104864	20.966090
853	0.104619	22.852409
854	0.104374	21.256418
855	0.104130	14.362124
856	0.103887	12.713084
857	0.103644	15.552532
858	0.103403	19.437095
859	0.103162	24.078464
860	0.102923	31.871323
861	0.102684	42.630690
862	0.102445	47.204208
863	0.102208	46.243085
864	0.101972	49.002963
865	0.101736	47.163795
866	0.101501	39.470874
867	0.101267	26.932936
868	0.101034	18.389968
869	0.100802	14.195558
870	0.100570	12.498815
871	0.100339	10.802072
872	0.100109	21.383460
873	0.099880	33.733891
874	0.099652	82.517156
875	0.099424	119.408440
876	0.099197	123.722367
877	0.098971	79.692039
878	0.098746	44.426657
879	0.098521	40.122694
880	0.098297	87.088827
881	0.098074	130.450635
882	0.097852	132.234881
883	0.097631	80.881749
884	0.097410	53.158193
885	0.097190	62.338609
886	0.096971	82.922806
887	0.096752	100.361614
888	0.096534	98.181600
889	0.096317	103.225948
890	0.096101	114.585440
891	0.095885	105.698382
892	0.095670	76.205149
893	0.095456	85.639755
894	0.095243	89.888055
895	0.095030	79.094702
896	0.094818	43.644689
897	0.094607	49.008639
898	0.094396	61.764777
899	0.094186	51.175207
900	0.093977	27.474600
901	0.093769	26.116792
902	0.093561	35.738069
903	0.093354	38.995706
904	0.093147	30.703877
905	0.092942	19.979204
906	0.092737	15.731224
907	0.092532	18.217566
908	0.092328	21.348594
909	0.092125	18.026222
910	0.091923	13.578776
911	0.091721	9.759583
912	0.091520	11.351877
913	0.091320	12.944171
914	0.091120	15.491868
915	0.090921	12.743913
916	0.090723	9.955613
917	0.090525	7.966606
918	0.090328	9.683174
919	0.090131	11.399743
920	0.089936	13.687791
921	0.089740	13.405329
922	0.089546	12.464366
923	0.089352	18.403554
924	0.089159	26.456941
925	0.088966	25.405426
926	0.088774	21.708211
927	0.088582	24.107244
928	0.088392	81.062433
929	0.088201	151.319573
930	0.088012	173.659207
931	0.087823	107.941615
932	0.087635	62.573653
933	0.087447	33.341030
934	0.087260	79.528975
935	0.087073	133.993543
936	0.086887	174.060006
937	0.086702	110.948330
938	0.086517	66.745446
939	0.086333	75.464937
940	0.086149	97.451313
941	0.085966	146.464207
942	0.085784	162.134329
943	0.085602	155.296138
944	0.085421	141.431128
945	0.085240	163.271789
946	0.085060	143.516743
947	0.084880	123.318099
948	0.084701	96.169750
949	0.084523	108.351272
950	0.084345	91.387649
951	0.084168	69.887247
952	0.083991	54.760341
953	0.083815	78.784920
954	0.083639	102.809499
955	0.083464	103.495015
956	0.083290	70.595052
957	0.083116	37.695089
958	0.082942	35.683281
959	0.082769	47.548760
960	0.082597	47.886830
961	0.082425	36.697489
962	0.082254	25.508148
963	0.082083	35.964943
964	0.081913	52.887466
965	0.081743	75.433466
966	0.081574	101.887308
967	0.081406	115.046189
968	0.081238	132.115759
969	0.081070	144.104945
970	0.080903	146.475000
